INFO:helloworld:{,#AYaKd{wHz-bty]tJ'TAOAq"vi<"u$+b.
INFO:helloworld:"cKegfWoHNAbSmbeetwNzPCgCD?/uQ h rG
INFO:helloworld:\TwYgfWoHNdb<mbeetwN*PCgCD?/uQ h rz
INFO:helloworld:H#WYFfVC)lE! )(eStw~z:CgC""C}Q hcrG
INFO:helloworld:H?WYg>Wo)lE! P(ectw$z:Cgtyd+MQ  crG
INFO:helloworld:H#WYgoOo)lE! P(e\tw~zhCgC"d}hQ  crG
INFO:helloworld:H#llgjWo)lE! W(eStw~`:|gC"dOhQ  crG
INFO:helloworld:H#llgjWo)l/! W(e.tw~`:@gC"dOhQ  /rG
INFO:helloworld:HjllgjWorlE! "(jetxN.PHgz/d"hQ  crG
INFO:helloworld:HjllgjworlE! `v+ct]yzA~gmrd~hQ vcrG
INFO:helloworld:HjllggworlI! `v+ctWYzA~gmrd~hQ vcrN
INFO:helloworld:HlllgjworlT! Pv\/twy AXgmrd~hQ vcr!
INFO:helloworld:Hjll|_world! C(>.t]yzA~gmrd~hQ vcr.
INFO:helloworld:Hjll|_world! C(>.tVyzA~gmrd~hQ vcr.
INFO:helloworld:H"llg-world! C[>ntl- Aygmrd~h( vcr.
INFO:helloworld:H"llg-world! C[Gntl- A~gmrwthQ vcr.
INFO:helloworld:Hellg-world! C[Gntl- A~gmrwthQ vcr.
INFO:helloworld:Hellg-world! C[Gntl@ A~g`rlthR vcr.
INFO:helloworld:Hellgiworld! ;['etl- A|gmrdthK vcr.
INFO:helloworld:Hellgiworld! ;['etl- A|gmrUthK vcr.
INFO:helloworld:Hellg(world! F*)nti- AlgdrEthp v'r.
INFO:helloworld:Hellgiworld! ;eHetF! Algmr@thK v'r.
INFO:helloworld:Helloiworld! vunetly Alg&rxthE vcr.
INFO:helloworld:Hellgiworld! GeHetFz Alg=rntha ver.
INFO:helloworld:Hello world! GeHetFz AlgFr<th( vcr.
INFO:helloworld:Hello world! GeHetFM Algor<th( vcr.
INFO:helloworld:Hello world! GeHetFM Algor<th( vcr.
INFO:helloworld:Hello world! GeBet@- Algor<thm vgr.
INFO:helloworld:Hello world! Ge,et@m Algor<thm vgr.
INFO:helloworld:Hello world! GexetiM Algor&th( ver.
INFO:helloworld:Hello world! Ge,etiM Algorithm ver.
INFO:helloworld:Hello world! Ge,etig Algorithm ver.
INFO:helloworld:Hello world! Ge,etig Algorithm ver.
INFO:helloworld:Hello world! Ge,etig Algorithm ver.
INFO:helloworld:Hello world! Gexetic Algorithm ver.
INFO:helloworld:Hello world! Gexetic Algorithm ver.
INFO:helloworld:Hello world! Gexetic Algorithm ver.
INFO:helloworld:Hello world! Gexetic Algorithm ver.
INFO:helloworld:Hello world! Gexetic Algorithm ver.
INFO:helloworld:Hello world! Gexetic Algorithm ver.
INFO:helloworld:Hello world! Gexetic Algorithm ver.
INFO:helloworld:Hello world! Genetic Algorithm ver.
INFO:helloworld:Steps: 42
